<?xml version="1.0" encoding="UTF-8"?>
<!-- Generated by org.testng.reporters.JUnitReportReporter -->
<testsuite skipped="0" hostname="DESKTOP-VGUP7DP" name="testNG.TestClassSauceDemo" tests="1" failures="0" timestamp="2022-08-12T00:49:48 IST" time="22.378" errors="0">
  <testcase name="testmethod" time="22.378" classname="testNG.TestClassSauceDemo"/>
  <system-out/>
</testsuite> <!-- testNG.TestClassSauceDemo -->
