<?xml version="1.0" encoding="UTF-8"?>
<!-- Generated by org.testng.reporters.JUnitReportReporter -->
<testsuite skipped="0" hostname="DESKTOP-VGUP7DP" name="PageObjectModel.VerificationClass" tests="1" failures="0" timestamp="2022-08-26T00:46:17 IST" time="19.516" errors="0">
  <testcase name="kabbadi" time="19.516" classname="PageObjectModel.VerificationClass"/>
  <system-out/>
</testsuite> <!-- PageObjectModel.VerificationClass -->
